This file contains any messages produced by compilers while
running configure, to aid debugging if configure makes a mistake.

It was created by libsecp256k1 configure 0.1, which was
generated by GNU Autoconf 2.71.  Invocation command line was

  $ ./configure --disable-option-checking --prefix=/opt/homebrew/Cellar/bitcoin/23.0 --disable-debug --libdir=/opt/homebrew/Cellar/bitcoin/23.0/lib --disable-dependency-tracking --disable-silent-rules --with-boost-libdir=/opt/homebrew/opt/boost@1.76/lib PKG_CONFIG_PATH=/opt/homebrew/opt/icu4c/lib/pkgconfig:/opt/homebrew/opt/openssl@1.1/lib/pkgconfig:/opt/homebrew/opt/libevent/lib/pkgconfig:/opt/homebrew/opt/miniupnpc/lib/pkgconfig:/opt/homebrew/opt/libsodium/lib/pkgconfig:/opt/homebrew/opt/zeromq/lib/pkgconfig PKG_CONFIG_LIBDIR=/usr/lib/pkgconfig:/opt/homebrew/Library/Homebrew/os/mac/pkgconfig/12 CXX=clang++ OBJCXX=clang++ CC=clang --disable-shared --with-pic --enable-benchmark=no --enable-module-recovery --enable-module-schnorrsig --enable-experimental --cache-file=/dev/null --srcdir=.

## --------- ##
## Platform. ##
## --------- ##

hostname = a.local
uname -m = arm64
uname -r = 21.5.0
uname -s = Darwin
uname -v = Darwin Kernel Version 21.5.0: Tue Apr 26 21:08:37 PDT 2022; root:xnu-8020.121.3~4/RELEASE_ARM64_T6000

/usr/bin/uname -p = arm
/bin/uname -X     = unknown

/bin/arch              = unknown
/usr/bin/arch -k       = unknown
/usr/convex/getsysinfo = unknown
/usr/bin/hostinfo      = Mach kernel version:
	 Darwin Kernel Version 21.5.0: Tue Apr 26 21:08:37 PDT 2022; root:xnu-8020.121.3~4/RELEASE_ARM64_T6000
Kernel configured for up to 10 processors.
10 processors are physically available.
10 processors are logically available.
Processor type: arm64e (ARM64E)
Processors active: 0 1 2 3 4 5 6 7 8 9
Primary memory available: 64.00 gigabytes
Default processor set: 593 tasks, 2835 threads, 10 processors
Load average: 4.94, Mach factor: 5.19
/bin/machine           = unknown
/usr/bin/oslevel       = unknown
/bin/universe          = unknown

PATH: /opt/homebrew/Library/Homebrew/shims/mac/super/
PATH: /opt/homebrew/opt/autoconf/bin/
PATH: /opt/homebrew/opt/automake/bin/
PATH: /opt/homebrew/opt/libtool/bin/
PATH: /opt/homebrew/opt/pkg-config/bin/
PATH: /opt/homebrew/opt/berkeley-db@4/bin/
PATH: /opt/homebrew/opt/icu4c/bin/
PATH: /opt/homebrew/opt/openssl@1.1/bin/
PATH: /opt/homebrew/opt/libevent/bin/
PATH: /opt/homebrew/opt/miniupnpc/bin/
PATH: /opt/homebrew/opt/zeromq/bin/
PATH: /usr/bin/
PATH: /bin/
PATH: /usr/sbin/
PATH: /sbin/


## ----------- ##
## Core tests. ##
## ----------- ##

configure:2462: looking for aux files: compile ltmain.sh missing install-sh config.guess config.sub
configure:2475:  trying ./build-aux/
configure:2504:   ./build-aux/compile found
configure:2504:   ./build-aux/ltmain.sh found
configure:2504:   ./build-aux/missing found
configure:2486:   ./build-aux/install-sh found
configure:2504:   ./build-aux/config.guess found
configure:2504:   ./build-aux/config.sub found
configure:2624: checking build system type
configure:2639: result: aarch64-apple-darwin21.5.0
configure:2659: checking host system type
configure:2673: result: aarch64-apple-darwin21.5.0
configure:2713: checking for a BSD-compatible install
configure:2786: result: /usr/bin/install -c
configure:2797: checking whether build environment is sane
configure:2852: result: yes
configure:3011: checking for a race-free mkdir -p
configure:3055: result: ./build-aux/install-sh -c -d
configure:3062: checking for gawk
configure:3097: result: no
configure:3062: checking for mawk
configure:3097: result: no
configure:3062: checking for nawk
configure:3097: result: no
configure:3062: checking for awk
configure:3083: found /usr/bin/awk
configure:3094: result: awk
configure:3105: checking whether make sets $(MAKE)
configure:3128: result: yes
configure:3158: checking whether make supports nested variables
configure:3176: result: yes
configure:3360: checking how to print strings
configure:3387: result: printf
configure:3421: checking whether make supports the include directive
configure:3436: make -f confmf.GNU && cat confinc.out
this is the am__doit target
configure:3439: $? = 0
configure:3458: result: yes (GNU style)
configure:3534: checking for gcc
configure:3566: result: clang
configure:3919: checking for C compiler version
configure:3928: clang --version >&5
Apple clang version 13.1.6 (clang-1316.0.21.2.5)
Target: arm64-apple-darwin21.5.0
Thread model: posix
InstalledDir: /Applications/Xcode.app/Contents/Developer/Toolchains/XcodeDefault.xctoolchain/usr/bin
configure:3939: $? = 0
configure:3928: clang -v >&5
Apple clang version 13.1.6 (clang-1316.0.21.2.5)
Target: arm64-apple-darwin21.5.0
Thread model: posix
InstalledDir: /Applications/Xcode.app/Contents/Developer/Toolchains/XcodeDefault.xctoolchain/usr/bin
configure:3939: $? = 0
configure:3928: clang -V >&5
clang: error: unsupported option '-V -isysroot/Library/Developer/CommandLineTools/SDKs/MacOSX12.sdk'
configure:3939: $? = 1
configure:3928: clang -qversion >&5
clang: error: unknown argument '-qversion'; did you mean '--version'?
configure:3939: $? = 1
configure:3928: clang -version >&5
clang: error: unknown argument '-version'; did you mean '--version'?
configure:3939: $? = 1
configure:3959: checking whether the C compiler works
configure:3981: clang    conftest.c  >&5
configure:3985: $? = 0
configure:4035: result: yes
configure:4038: checking for C compiler default output file name
configure:4040: result: a.out
configure:4046: checking for suffix of executables
configure:4053: clang -o conftest    conftest.c  >&5
configure:4057: $? = 0
configure:4080: result: 
configure:4102: checking whether we are cross compiling
configure:4110: clang -o conftest    conftest.c  >&5
configure:4114: $? = 0
configure:4121: ./conftest
configure:4125: $? = 0
configure:4140: result: no
configure:4145: checking for suffix of object files
configure:4168: clang -c   conftest.c >&5
configure:4172: $? = 0
configure:4194: result: o
configure:4198: checking whether the compiler supports GNU C
configure:4218: clang -c   conftest.c >&5
configure:4218: $? = 0
configure:4228: result: yes
configure:4239: checking whether clang accepts -g
configure:4260: clang -c -g  conftest.c >&5
configure:4260: $? = 0
configure:4304: result: yes
configure:4324: checking for clang option to enable C11 features
configure:4339: clang  -c -g -O2  conftest.c >&5
configure:4339: $? = 0
configure:4357: result: none needed
configure:4473: checking whether clang understands -c and -o together
configure:4496: clang -c conftest.c -o conftest2.o
configure:4499: $? = 0
configure:4496: clang -c conftest.c -o conftest2.o
configure:4499: $? = 0
configure:4511: result: yes
configure:4530: checking dependency style of clang
configure:4642: result: none
configure:4657: checking for a sed that does not truncate output
configure:4727: result: /usr/bin/sed
configure:4745: checking for grep that handles long lines and -e
configure:4809: result: /usr/bin/grep
configure:4814: checking for egrep
configure:4882: result: /usr/bin/grep -E
configure:4887: checking for fgrep
configure:4955: result: /usr/bin/grep -F
configure:4991: checking for ld used by clang
configure:5059: result: /Applications/Xcode.app/Contents/Developer/Toolchains/XcodeDefault.xctoolchain/usr/bin/ld
configure:5066: checking if the linker (/Applications/Xcode.app/Contents/Developer/Toolchains/XcodeDefault.xctoolchain/usr/bin/ld) is GNU ld
configure:5082: result: no
configure:5094: checking for BSD- or MS-compatible name lister (nm)
configure:5149: result: /usr/bin/nm -B
configure:5289: checking the name lister (/usr/bin/nm -B) interface
configure:5297: clang -c -g -O2  conftest.c >&5
configure:5300: /usr/bin/nm -B "conftest.o"
configure:5303: output
0000000000000248 S _some_variable
0000000000000000 t ltmp0
0000000000000248 s ltmp1
configure:5310: result: BSD nm
configure:5313: checking whether ln -s works
configure:5317: result: yes
configure:5325: checking the maximum length of command line arguments
configure:5457: result: 786432
configure:5505: checking how to convert aarch64-apple-darwin21.5.0 file names to aarch64-apple-darwin21.5.0 format
configure:5546: result: func_convert_file_noop
configure:5553: checking how to convert aarch64-apple-darwin21.5.0 file names to toolchain format
configure:5574: result: func_convert_file_noop
configure:5581: checking for /Applications/Xcode.app/Contents/Developer/Toolchains/XcodeDefault.xctoolchain/usr/bin/ld option to reload object files
configure:5589: result: -r
configure:5668: checking for file
configure:5689: found /usr/bin/file
configure:5700: result: file
configure:5776: checking for objdump
configure:5797: found /usr/bin/objdump
configure:5808: result: objdump
configure:5837: checking how to recognize dependent libraries
configure:6038: result: pass_all
configure:6128: checking for dlltool
configure:6163: result: no
configure:6190: checking how to associate runtime and link libraries
configure:6218: result: printf %s\n
configure:6284: checking for ar
configure:6305: found /usr/bin/ar
configure:6316: result: ar
configure:6369: checking for archiver @FILE support
configure:6387: clang -c -g -O2  conftest.c >&5
configure:6387: $? = 0
configure:6391: ar cr libconftest.a @conftest.lst >&5
ar: @conftest.lst: No such file or directory
configure:6394: $? = 1
configure:6414: result: no
configure:6477: checking for strip
configure:6498: found /usr/bin/strip
configure:6509: result: strip
configure:6586: checking for ranlib
configure:6607: found /usr/bin/ranlib
configure:6618: result: ranlib
configure:6720: checking command to parse /usr/bin/nm -B output from clang object
configure:6874: clang -c -g -O2  conftest.c >&5
configure:6877: $? = 0
configure:6881: /usr/bin/nm -B conftest.o \| /usr/bin/sed -n -e 's/^.*[ ]\([ABCDGIRSTW][ABCDGIRSTW]*\)[ ][ ]*\([_A-Za-z][_A-Za-z0-9]*\)$/\1 \2 \2/p' | /usr/bin/sed '/ __gnu_lto/d' \> conftest.nm
configure:6884: $? = 0
cannot find nm_test_var in conftest.nm
configure:6874: clang -c -g -O2  conftest.c >&5
configure:6877: $? = 0
configure:6881: /usr/bin/nm -B conftest.o \| /usr/bin/sed -n -e 's/^.*[ ]\([ABCDGIRSTW][ABCDGIRSTW]*\)[ ][ ]*_\([_A-Za-z][_A-Za-z0-9]*\)$/\1 _\2 \2/p' | /usr/bin/sed '/ __gnu_lto/d' \> conftest.nm
configure:6884: $? = 0
configure:6950: clang -o conftest -g -O2   conftest.c conftstm.o >&5
warning: (arm64)  could not find object file symbol for symbol _main
configure:6953: $? = 0
configure:6991: result: ok
configure:7038: checking for sysroot
configure:7069: result: no
configure:7076: checking for a working dd
configure:7120: result: /bin/dd
configure:7124: checking how to truncate binary pipes
configure:7140: result: /bin/dd bs=4096 count=1
configure:7477: checking for mt
configure:7512: result: no
configure:7532: checking if : is a manifest tool
configure:7539: : '-?'
configure:7547: result: no
configure:7608: checking for dsymutil
configure:7629: found /usr/bin/dsymutil
configure:7640: result: dsymutil
configure:7710: checking for nmedit
configure:7731: found /usr/bin/nmedit
configure:7742: result: nmedit
configure:7812: checking for lipo
configure:7833: found /usr/bin/lipo
configure:7844: result: lipo
configure:7914: checking for otool
configure:7935: found /usr/bin/otool
configure:7946: result: otool
configure:8016: checking for otool64
configure:8051: result: no
configure:8096: checking for -single_module linker flag
clang -g -O2  -o libconftest.dylib -dynamiclib -Wl,-single_module conftest.c
configure:8130: result: yes
configure:8133: checking for -exported_symbols_list linker flag
configure:8154: clang -o conftest -g -O2   -Wl,-exported_symbols_list,conftest.sym conftest.c  >&5
configure:8154: $? = 0
configure:8165: result: yes
configure:8168: checking for -force_load linker flag
clang -g -O2 -c -o conftest.o conftest.c
ar cr libconftest.a conftest.o
ranlib libconftest.a
clang -g -O2  -o conftest conftest.c -Wl,-force_load,./libconftest.a
configure:8201: result: yes
configure:8272: checking for stdio.h
configure:8272: clang -c -g -O2  conftest.c >&5
configure:8272: $? = 0
configure:8272: result: yes
configure:8272: checking for stdlib.h
configure:8272: clang -c -g -O2  conftest.c >&5
configure:8272: $? = 0
configure:8272: result: yes
configure:8272: checking for string.h
configure:8272: clang -c -g -O2  conftest.c >&5
configure:8272: $? = 0
configure:8272: result: yes
configure:8272: checking for inttypes.h
configure:8272: clang -c -g -O2  conftest.c >&5
configure:8272: $? = 0
configure:8272: result: yes
configure:8272: checking for stdint.h
configure:8272: clang -c -g -O2  conftest.c >&5
configure:8272: $? = 0
configure:8272: result: yes
configure:8272: checking for strings.h
configure:8272: clang -c -g -O2  conftest.c >&5
configure:8272: $? = 0
configure:8272: result: yes
configure:8272: checking for sys/stat.h
configure:8272: clang -c -g -O2  conftest.c >&5
configure:8272: $? = 0
configure:8272: result: yes
configure:8272: checking for sys/types.h
configure:8272: clang -c -g -O2  conftest.c >&5
configure:8272: $? = 0
configure:8272: result: yes
configure:8272: checking for unistd.h
configure:8272: clang -c -g -O2  conftest.c >&5
configure:8272: $? = 0
configure:8272: result: yes
configure:8297: checking for dlfcn.h
configure:8297: clang -c -g -O2  conftest.c >&5
configure:8297: $? = 0
configure:8297: result: yes
configure:8884: checking for objdir
configure:8900: result: .libs
configure:9164: checking if clang supports -fno-rtti -fno-exceptions
configure:9183: clang -c -g -O2  -fno-rtti -fno-exceptions conftest.c >&5
configure:9187: $? = 0
configure:9200: result: yes
configure:9558: checking for clang option to produce PIC
configure:9566: result: -fno-common -DPIC
configure:9574: checking if clang PIC flag -fno-common -DPIC works
configure:9593: clang -c -g -O2  -fno-common -DPIC -DPIC conftest.c >&5
configure:9597: $? = 0
configure:9610: result: yes
configure:9639: checking if clang static flag -static works
configure:9668: result: no
configure:9683: checking if clang supports -c -o file.o
configure:9705: clang -c -g -O2  -o out/conftest2.o conftest.c >&5
configure:9709: $? = 0
configure:9731: result: yes
configure:9739: checking if clang supports -c -o file.o
configure:9787: result: yes
configure:9820: checking whether the clang linker (/Applications/Xcode.app/Contents/Developer/Toolchains/XcodeDefault.xctoolchain/usr/bin/ld) supports shared libraries
configure:11088: result: yes
configure:11329: checking dynamic linker characteristics
configure:12150: result: darwin21.5.0 dyld
configure:12272: checking how to hardcode library paths into programs
configure:12297: result: immediate
configure:12849: checking whether stripping libraries is possible
configure:12866: result: yes
configure:12900: checking if libtool supports shared libraries
configure:12902: result: yes
configure:12905: checking whether to build shared libraries
configure:12930: result: no
configure:12933: checking whether to build static libraries
configure:12937: result: yes
configure:12988: checking whether make supports nested variables
configure:13006: result: yes
configure:13077: checking for pkg-config
configure:13100: found /opt/homebrew/Library/Homebrew/shims/mac/super/pkg-config
configure:13112: result: /opt/homebrew/Library/Homebrew/shims/mac/super/pkg-config
configure:13137: checking pkg-config is at least version 0.9.0
configure:13140: result: yes
configure:13200: checking for ar
configure:13223: found /usr/bin/ar
configure:13235: result: /usr/bin/ar
configure:13308: checking for ranlib
configure:13331: found /usr/bin/ranlib
configure:13343: result: /usr/bin/ranlib
configure:13416: checking for strip
configure:13439: found /usr/bin/strip
configure:13451: result: /usr/bin/strip
configure:13488: checking dependency style of clang
configure:13598: result: none
configure:13619: checking for brew
configure:13654: result: no
configure:13670: checking for port
configure:13705: result: no
configure:13743: checking if clang supports -Werror=unknown-warning-option
configure:13751: clang -c -Werror=unknown-warning-option -g -O2  conftest.c >&5
configure:13751: $? = 0
configure:13758: result: yes
configure:13769: checking if clang supports -std=c89 -pedantic -Wno-long-long -Wnested-externs -Wshadow -Wstrict-prototypes -Wundef
configure:13777: clang -c -std=c89 -pedantic -Wno-long-long -Wnested-externs -Wshadow -Wstrict-prototypes -Wundef -g -O2 -Werror=unknown-warning-option  conftest.c >&5
configure:13777: $? = 0
configure:13784: result: yes
configure:13794: checking if clang supports -Wno-overlength-strings
configure:13802: clang -c -Wno-overlength-strings -g -O2 -Werror=unknown-warning-option  conftest.c >&5
configure:13802: $? = 0
configure:13809: result: yes
configure:13819: checking if clang supports -Wall
configure:13827: clang -c -Wall -g -O2 -Werror=unknown-warning-option  conftest.c >&5
configure:13827: $? = 0
configure:13834: result: yes
configure:13844: checking if clang supports -Wno-unused-function
configure:13852: clang -c -Wno-unused-function -g -O2 -Werror=unknown-warning-option  conftest.c >&5
configure:13852: $? = 0
configure:13859: result: yes
configure:13869: checking if clang supports -Wextra
configure:13877: clang -c -Wextra -g -O2 -Werror=unknown-warning-option  conftest.c >&5
configure:13877: $? = 0
configure:13884: result: yes
configure:13894: checking if clang supports -Wcast-align
configure:13902: clang -c -Wcast-align -g -O2 -Werror=unknown-warning-option  conftest.c >&5
configure:13902: $? = 0
configure:13909: result: yes
configure:13919: checking if clang supports -Wcast-align=strict
configure:13927: clang -c -Wcast-align=strict -g -O2 -Werror=unknown-warning-option  conftest.c >&5
error: unknown warning option '-Wcast-align=strict'; did you mean '-Wcast-align'? [-Werror,-Wunknown-warning-option]
configure:13927: $? = 1
configure: failed program was:
| /* confdefs.h */
| #define PACKAGE_NAME "libsecp256k1"
| #define PACKAGE_TARNAME "libsecp256k1"
| #define PACKAGE_VERSION "0.1"
| #define PACKAGE_STRING "libsecp256k1 0.1"
| #define PACKAGE_BUGREPORT ""
| #define PACKAGE_URL ""
| #define PACKAGE "libsecp256k1"
| #define VERSION "0.1"
| #define HAVE_STDIO_H 1
| #define HAVE_STDLIB_H 1
| #define HAVE_STRING_H 1
| #define HAVE_INTTYPES_H 1
| #define HAVE_STDINT_H 1
| #define HAVE_STRINGS_H 1
| #define HAVE_SYS_STAT_H 1
| #define HAVE_SYS_TYPES_H 1
| #define HAVE_UNISTD_H 1
| #define STDC_HEADERS 1
| #define HAVE_DLFCN_H 1
| #define LT_OBJDIR ".libs/"
| /* end confdefs.h.  */
| char foo;
configure:13934: result: no
configure:13944: checking if clang supports -Wconditional-uninitialized
configure:13952: clang -c -Wconditional-uninitialized -g -O2 -Werror=unknown-warning-option  conftest.c >&5
configure:13952: $? = 0
configure:13959: result: yes
configure:13969: checking if clang supports -fvisibility=hidden
configure:13977: clang -c -fvisibility=hidden -g -O2 -Werror=unknown-warning-option  conftest.c >&5
configure:13977: $? = 0
configure:13984: result: yes
configure:14171: clang -c -g -O2   conftest.c >&5
conftest.c:24:14: fatal error: 'valgrind/memcheck.h' file not found
    #include <valgrind/memcheck.h>
             ^~~~~~~~~~~~~~~~~~~~~
1 error generated.
configure:14171: $? = 1
configure: failed program was:
| /* confdefs.h */
| #define PACKAGE_NAME "libsecp256k1"
| #define PACKAGE_TARNAME "libsecp256k1"
| #define PACKAGE_VERSION "0.1"
| #define PACKAGE_STRING "libsecp256k1 0.1"
| #define PACKAGE_BUGREPORT ""
| #define PACKAGE_URL ""
| #define PACKAGE "libsecp256k1"
| #define VERSION "0.1"
| #define HAVE_STDIO_H 1
| #define HAVE_STDLIB_H 1
| #define HAVE_STRING_H 1
| #define HAVE_INTTYPES_H 1
| #define HAVE_STDINT_H 1
| #define HAVE_STRINGS_H 1
| #define HAVE_SYS_STAT_H 1
| #define HAVE_SYS_TYPES_H 1
| #define HAVE_UNISTD_H 1
| #define STDC_HEADERS 1
| #define HAVE_DLFCN_H 1
| #define LT_OBJDIR ".libs/"
| /* end confdefs.h.  */
| 
|     #include <valgrind/memcheck.h>
| 
| int
| main (void)
| {
| 
|     #if defined(NVALGRIND)
|     #  error "Valgrind does not support this platform."
|     #endif
| 
|   ;
|   return 0;
| }
configure:14213: checking for x86_64 assembly availability
configure:14230: clang -c -g -O2   conftest.c >&5
conftest.c:30:61: error: invalid output constraint '+a' in asm
  __asm__ __volatile__("movq $0x100000000,%1; mulq %%rsi" : "+a"(a) : "S"(tmp) : "cc", "%rdx");
                                                            ^
1 error generated.
configure:14230: $? = 1
configure: failed program was:
| /* confdefs.h */
| #define PACKAGE_NAME "libsecp256k1"
| #define PACKAGE_TARNAME "libsecp256k1"
| #define PACKAGE_VERSION "0.1"
| #define PACKAGE_STRING "libsecp256k1 0.1"
| #define PACKAGE_BUGREPORT ""
| #define PACKAGE_URL ""
| #define PACKAGE "libsecp256k1"
| #define VERSION "0.1"
| #define HAVE_STDIO_H 1
| #define HAVE_STDLIB_H 1
| #define HAVE_STRING_H 1
| #define HAVE_INTTYPES_H 1
| #define HAVE_STDINT_H 1
| #define HAVE_STRINGS_H 1
| #define HAVE_SYS_STAT_H 1
| #define HAVE_SYS_TYPES_H 1
| #define HAVE_UNISTD_H 1
| #define STDC_HEADERS 1
| #define HAVE_DLFCN_H 1
| #define LT_OBJDIR ".libs/"
| /* end confdefs.h.  */
| 
|   #include <stdint.h>
| int
| main (void)
| {
| 
|   uint64_t a = 11, tmp;
|   __asm__ __volatile__("movq $0x100000000,%1; mulq %%rsi" : "+a"(a) : "S"(tmp) : "cc", "%rdx");
| 
|   ;
|   return 0;
| }
configure:14237: result: no
configure:14428: ******
configure:14430: WARNING: experimental build
configure:14432: Experimental features do not have stable APIs or properties, and may not be safe for production use.
configure:14434: Building extrakeys module: yes
configure:14436: Building schnorrsig module: yes
configure:14438: ******
configure:14660: checking that generated files are newer than configure
configure:14666: result: done
configure:14737: creating ./config.status

## ---------------------- ##
## Running config.status. ##
## ---------------------- ##

This file was extended by libsecp256k1 config.status 0.1, which was
generated by GNU Autoconf 2.71.  Invocation command line was

  CONFIG_FILES    = 
  CONFIG_HEADERS  = 
  CONFIG_LINKS    = 
  CONFIG_COMMANDS = 
  $ ./config.status 

on a.local

config.status:1126: creating Makefile
config.status:1126: creating libsecp256k1.pc
config.status:1126: creating src/libsecp256k1-config.h
config.status:1355: executing depfiles commands
config.status:1355: executing libtool commands

## ---------------- ##
## Cache variables. ##
## ---------------- ##

ac_cv_build=aarch64-apple-darwin21.5.0
ac_cv_c_compiler_gnu=yes
ac_cv_env_CCASFLAGS_set=
ac_cv_env_CCASFLAGS_value=
ac_cv_env_CCAS_set=
ac_cv_env_CCAS_value=
ac_cv_env_CC_set=set
ac_cv_env_CC_value=clang
ac_cv_env_CFLAGS_set=
ac_cv_env_CFLAGS_value=
ac_cv_env_CPPFLAGS_set=
ac_cv_env_CPPFLAGS_value=
ac_cv_env_LDFLAGS_set=
ac_cv_env_LDFLAGS_value=
ac_cv_env_LIBS_set=
ac_cv_env_LIBS_value=
ac_cv_env_LT_SYS_LIBRARY_PATH_set=
ac_cv_env_LT_SYS_LIBRARY_PATH_value=
ac_cv_env_PKG_CONFIG_LIBDIR_set=set
ac_cv_env_PKG_CONFIG_LIBDIR_value=/usr/lib/pkgconfig:/opt/homebrew/Library/Homebrew/os/mac/pkgconfig/12
ac_cv_env_PKG_CONFIG_PATH_set=set
ac_cv_env_PKG_CONFIG_PATH_value=/opt/homebrew/opt/icu4c/lib/pkgconfig:/opt/homebrew/opt/openssl@1.1/lib/pkgconfig:/opt/homebrew/opt/libevent/lib/pkgconfig:/opt/homebrew/opt/miniupnpc/lib/pkgconfig:/opt/homebrew/opt/libsodium/lib/pkgconfig:/opt/homebrew/opt/zeromq/lib/pkgconfig
ac_cv_env_PKG_CONFIG_set=
ac_cv_env_PKG_CONFIG_value=
ac_cv_env_build_alias_set=
ac_cv_env_build_alias_value=
ac_cv_env_host_alias_set=
ac_cv_env_host_alias_value=
ac_cv_env_target_alias_set=
ac_cv_env_target_alias_value=
ac_cv_header_dlfcn_h=yes
ac_cv_header_inttypes_h=yes
ac_cv_header_stdint_h=yes
ac_cv_header_stdio_h=yes
ac_cv_header_stdlib_h=yes
ac_cv_header_string_h=yes
ac_cv_header_strings_h=yes
ac_cv_header_sys_stat_h=yes
ac_cv_header_sys_types_h=yes
ac_cv_header_unistd_h=yes
ac_cv_host=aarch64-apple-darwin21.5.0
ac_cv_objext=o
ac_cv_path_EGREP='/usr/bin/grep -E'
ac_cv_path_FGREP='/usr/bin/grep -F'
ac_cv_path_GREP=/usr/bin/grep
ac_cv_path_SED=/usr/bin/sed
ac_cv_path_ac_pt_AR=/usr/bin/ar
ac_cv_path_ac_pt_PKG_CONFIG=/opt/homebrew/Library/Homebrew/shims/mac/super/pkg-config
ac_cv_path_ac_pt_RANLIB=/usr/bin/ranlib
ac_cv_path_ac_pt_STRIP=/usr/bin/strip
ac_cv_path_install='/usr/bin/install -c'
ac_cv_path_lt_DD=/bin/dd
ac_cv_prog_AWK=awk
ac_cv_prog_ac_ct_AR=ar
ac_cv_prog_ac_ct_CC=clang
ac_cv_prog_ac_ct_DSYMUTIL=dsymutil
ac_cv_prog_ac_ct_FILECMD=file
ac_cv_prog_ac_ct_LIPO=lipo
ac_cv_prog_ac_ct_NMEDIT=nmedit
ac_cv_prog_ac_ct_OBJDUMP=objdump
ac_cv_prog_ac_ct_OTOOL=otool
ac_cv_prog_ac_ct_RANLIB=ranlib
ac_cv_prog_ac_ct_STRIP=strip
ac_cv_prog_cc_c11=
ac_cv_prog_cc_g=yes
ac_cv_prog_cc_stdc=
ac_cv_prog_make_make_set=yes
am_cv_CCAS_dependencies_compiler_type=none
am_cv_CC_dependencies_compiler_type=none
am_cv_make_support_nested_variables=yes
am_cv_prog_cc_c_o=yes
lt_cv_apple_cc_single_mod=yes
lt_cv_ar_at_file=no
lt_cv_deplibs_check_method=pass_all
lt_cv_file_magic_cmd='$MAGIC_CMD'
lt_cv_file_magic_test_file=
lt_cv_ld_exported_symbols_list=yes
lt_cv_ld_force_load=yes
lt_cv_ld_reload_flag=-r
lt_cv_nm_interface='BSD nm'
lt_cv_objdir=.libs
lt_cv_path_LD=/Applications/Xcode.app/Contents/Developer/Toolchains/XcodeDefault.xctoolchain/usr/bin/ld
lt_cv_path_NM='/usr/bin/nm -B'
lt_cv_path_mainfest_tool=no
lt_cv_prog_compiler_c_o=yes
lt_cv_prog_compiler_pic='-fno-common -DPIC'
lt_cv_prog_compiler_pic_works=yes
lt_cv_prog_compiler_rtti_exceptions=yes
lt_cv_prog_compiler_static_works=no
lt_cv_prog_gnu_ld=no
lt_cv_sharedlib_from_linklib_cmd='printf %s\n'
lt_cv_sys_global_symbol_pipe='/usr/bin/sed -n -e '\''s/^.*[	 ]\([ABCDGIRSTW][ABCDGIRSTW]*\)[	 ][	 ]*_\([_A-Za-z][_A-Za-z0-9]*\)$/\1 _\2 \2/p'\'' | /usr/bin/sed '\''/ __gnu_lto/d'\'''
lt_cv_sys_global_symbol_to_c_name_address='/usr/bin/sed -n -e '\''s/^: \(.*\) .*$/  {"\1", (void *) 0},/p'\'' -e '\''s/^[ABCDGIRSTW][ABCDGIRSTW]* .* \(.*\)$/  {"\1", (void *) \&\1},/p'\'''
lt_cv_sys_global_symbol_to_c_name_address_lib_prefix='/usr/bin/sed -n -e '\''s/^: \(.*\) .*$/  {"\1", (void *) 0},/p'\'' -e '\''s/^[ABCDGIRSTW][ABCDGIRSTW]* .* \(lib.*\)$/  {"\1", (void *) \&\1},/p'\'' -e '\''s/^[ABCDGIRSTW][ABCDGIRSTW]* .* \(.*\)$/  {"lib\1", (void *) \&\1},/p'\'''
lt_cv_sys_global_symbol_to_cdecl='/usr/bin/sed -n -e '\''s/^T .* \(.*\)$/extern int \1();/p'\'' -e '\''s/^[ABCDGIRSTW][ABCDGIRSTW]* .* \(.*\)$/extern char \1;/p'\'''
lt_cv_sys_global_symbol_to_import=
lt_cv_sys_max_cmd_len=786432
lt_cv_to_host_file_cmd=func_convert_file_noop
lt_cv_to_tool_file_cmd=func_convert_file_noop
lt_cv_truncate_bin='/bin/dd bs=4096 count=1'

## ----------------- ##
## Output variables. ##
## ----------------- ##

ACLOCAL='${SHELL} '\''/private/tmp/bitcoin-20220727-50524-1dlqik5/bitcoin-23.0/src/secp256k1/build-aux/missing'\'' aclocal-1.16'
AMDEPBACKSLASH=''
AMDEP_FALSE=''
AMDEP_TRUE='#'
AMTAR='$${TAR-tar}'
AM_BACKSLASH='\'
AM_DEFAULT_V='$(AM_DEFAULT_VERBOSITY)'
AM_DEFAULT_VERBOSITY='1'
AM_V='$(V)'
AR='/usr/bin/ar'
AS='as'
AUTOCONF='${SHELL} '\''/private/tmp/bitcoin-20220727-50524-1dlqik5/bitcoin-23.0/src/secp256k1/build-aux/missing'\'' autoconf'
AUTOHEADER='${SHELL} '\''/private/tmp/bitcoin-20220727-50524-1dlqik5/bitcoin-23.0/src/secp256k1/build-aux/missing'\'' autoheader'
AUTOMAKE='${SHELL} '\''/private/tmp/bitcoin-20220727-50524-1dlqik5/bitcoin-23.0/src/secp256k1/build-aux/missing'\'' automake-1.16'
AWK='awk'
BREW=''
CC='clang'
CCAS='clang'
CCASDEPMODE='depmode=none'
CCASFLAGS='-g -O2'
CCDEPMODE='depmode=none'
CFLAGS='-g -O2'
CPPFLAGS=' '
CSCOPE='cscope'
CTAGS='ctags'
CYGPATH_W='echo'
DEFS='-DHAVE_CONFIG_H'
DEPDIR='.deps'
DLLTOOL='false'
DSYMUTIL='dsymutil'
DUMPBIN=''
ECHO_C='\c'
ECHO_N=''
ECHO_T=''
EGREP='/usr/bin/grep -E'
ENABLE_COVERAGE_FALSE=''
ENABLE_COVERAGE_TRUE='#'
ENABLE_MODULE_ECDH_FALSE=''
ENABLE_MODULE_ECDH_TRUE='#'
ENABLE_MODULE_EXTRAKEYS_FALSE='#'
ENABLE_MODULE_EXTRAKEYS_TRUE=''
ENABLE_MODULE_RECOVERY_FALSE='#'
ENABLE_MODULE_RECOVERY_TRUE=''
ENABLE_MODULE_SCHNORRSIG_FALSE='#'
ENABLE_MODULE_SCHNORRSIG_TRUE=''
ETAGS='etags'
EXEEXT=''
FGREP='/usr/bin/grep -F'
FILECMD='file'
GREP='/usr/bin/grep'
INSTALL_DATA='${INSTALL} -m 644'
INSTALL_PROGRAM='${INSTALL}'
INSTALL_SCRIPT='${INSTALL}'
INSTALL_STRIP_PROGRAM='$(install_sh) -c -s'
LD='/Applications/Xcode.app/Contents/Developer/Toolchains/XcodeDefault.xctoolchain/usr/bin/ld'
LDFLAGS=''
LIBOBJS=''
LIBS=''
LIBTOOL='$(SHELL) $(top_builddir)/libtool'
LIPO='lipo'
LN_S='ln -s'
LTLIBOBJS=''
LT_SYS_LIBRARY_PATH=''
MAKEINFO='${SHELL} '\''/private/tmp/bitcoin-20220727-50524-1dlqik5/bitcoin-23.0/src/secp256k1/build-aux/missing'\'' makeinfo'
MANIFEST_TOOL=':'
MKDIR_P='./build-aux/install-sh -c -d'
NM='/usr/bin/nm -B'
NMEDIT='nmedit'
OBJDUMP='objdump'
OBJEXT='o'
OTOOL64=':'
OTOOL='otool'
PACKAGE='libsecp256k1'
PACKAGE_BUGREPORT=''
PACKAGE_NAME='libsecp256k1'
PACKAGE_STRING='libsecp256k1 0.1'
PACKAGE_TARNAME='libsecp256k1'
PACKAGE_URL=''
PACKAGE_VERSION='0.1'
PATH_SEPARATOR=':'
PKG_CONFIG='/opt/homebrew/Library/Homebrew/shims/mac/super/pkg-config'
PKG_CONFIG_LIBDIR='/usr/lib/pkgconfig:/opt/homebrew/Library/Homebrew/os/mac/pkgconfig/12'
PKG_CONFIG_PATH='/opt/homebrew/opt/icu4c/lib/pkgconfig:/opt/homebrew/opt/openssl@1.1/lib/pkgconfig:/opt/homebrew/opt/libevent/lib/pkgconfig:/opt/homebrew/opt/miniupnpc/lib/pkgconfig:/opt/homebrew/opt/libsodium/lib/pkgconfig:/opt/homebrew/opt/zeromq/lib/pkgconfig'
PORT=''
RANLIB='/usr/bin/ranlib'
SECP_CFLAGS='-O2  -std=c89 -pedantic -Wno-long-long -Wnested-externs -Wshadow -Wstrict-prototypes -Wundef -Wno-overlength-strings -Wall -Wno-unused-function -Wextra -Wcast-align -Wconditional-uninitialized -fvisibility=hidden '
SECP_INCLUDES=''
SECP_LIBS=''
SECP_TEST_INCLUDES=''
SECP_TEST_LIBS=''
SED='/usr/bin/sed'
SET_MAKE=''
SHELL='/bin/sh'
STRIP='/usr/bin/strip'
USE_ASM_ARM_FALSE=''
USE_ASM_ARM_TRUE='#'
USE_BENCHMARK_FALSE=''
USE_BENCHMARK_TRUE='#'
USE_EXHAUSTIVE_TESTS_FALSE='#'
USE_EXHAUSTIVE_TESTS_TRUE=''
USE_EXTERNAL_ASM_FALSE=''
USE_EXTERNAL_ASM_TRUE='#'
USE_TESTS_FALSE='#'
USE_TESTS_TRUE=''
VALGRIND_ENABLED_FALSE=''
VALGRIND_ENABLED_TRUE='#'
VERSION='0.1'
ac_ct_AR='ar'
ac_ct_CC='clang'
ac_ct_DUMPBIN=''
am__EXEEXT_FALSE=''
am__EXEEXT_TRUE='#'
am__fastdepCCAS_FALSE=''
am__fastdepCCAS_TRUE='#'
am__fastdepCC_FALSE=''
am__fastdepCC_TRUE='#'
am__include='include'
am__isrc=''
am__leading_dot='.'
am__nodep=''
am__quote=''
am__tar='$${TAR-tar} chof - "$$tardir"'
am__untar='$${TAR-tar} xf -'
bindir='${exec_prefix}/bin'
build='aarch64-apple-darwin21.5.0'
build_alias=''
build_cpu='aarch64'
build_os='darwin21.5.0'
build_vendor='apple'
datadir='${datarootdir}'
datarootdir='${prefix}/share'
docdir='${datarootdir}/doc/${PACKAGE_TARNAME}'
dvidir='${docdir}'
exec_prefix='${prefix}'
host='aarch64-apple-darwin21.5.0'
host_alias=''
host_cpu='aarch64'
host_os='darwin21.5.0'
host_vendor='apple'
htmldir='${docdir}'
includedir='${prefix}/include'
infodir='${datarootdir}/info'
install_sh='${SHELL} /private/tmp/bitcoin-20220727-50524-1dlqik5/bitcoin-23.0/src/secp256k1/build-aux/install-sh'
libdir='/opt/homebrew/Cellar/bitcoin/23.0/lib'
libexecdir='${exec_prefix}/libexec'
localedir='${datarootdir}/locale'
localstatedir='${prefix}/var'
mandir='${datarootdir}/man'
mkdir_p='$(MKDIR_P)'
oldincludedir='/usr/include'
pdfdir='${docdir}'
prefix='/opt/homebrew/Cellar/bitcoin/23.0'
program_transform_name='s,x,x,'
psdir='${docdir}'
runstatedir='${localstatedir}/run'
sbindir='${exec_prefix}/sbin'
sharedstatedir='${prefix}/com'
sysconfdir='${prefix}/etc'
target_alias=''

## ----------- ##
## confdefs.h. ##
## ----------- ##

/* confdefs.h */
#define PACKAGE_NAME "libsecp256k1"
#define PACKAGE_TARNAME "libsecp256k1"
#define PACKAGE_VERSION "0.1"
#define PACKAGE_STRING "libsecp256k1 0.1"
#define PACKAGE_BUGREPORT ""
#define PACKAGE_URL ""
#define PACKAGE "libsecp256k1"
#define VERSION "0.1"
#define HAVE_STDIO_H 1
#define HAVE_STDLIB_H 1
#define HAVE_STRING_H 1
#define HAVE_INTTYPES_H 1
#define HAVE_STDINT_H 1
#define HAVE_STRINGS_H 1
#define HAVE_SYS_STAT_H 1
#define HAVE_SYS_TYPES_H 1
#define HAVE_UNISTD_H 1
#define STDC_HEADERS 1
#define HAVE_DLFCN_H 1
#define LT_OBJDIR ".libs/"
#define ECMULT_WINDOW_SIZE 15
#define ECMULT_GEN_PREC_BITS 4
#define ENABLE_MODULE_RECOVERY 1
#define ENABLE_MODULE_SCHNORRSIG 1
#define ENABLE_MODULE_EXTRAKEYS 1

configure: exit 0
